<?xml version="1.0" encoding="UTF-8"?>
<testng-results skipped="0" failed="0" ignored="0" total="1" passed="1">
  <reporter-output>
  </reporter-output>
  <suite name="Suite" duration-ms="242849" started-at="2020-03-30T19:52:33 IST" finished-at="2020-03-30T19:56:36 IST">
    <groups>
    </groups>
    <test name="Test" duration-ms="242849" started-at="2020-03-30T19:52:33 IST" finished-at="2020-03-30T19:56:36 IST">
      <class name="com.atmecs.testscript.TestScript">
        <test-method status="PASS" signature="invokeBrowser()[pri:0, instance:com.atmecs.testscript.TestScript@1c3a4799]" name="invokeBrowser" is-config="true" duration-ms="189579" started-at="2020-03-30T19:52:33 IST" finished-at="2020-03-30T19:55:42 IST">
          <reporter-output>
          </reporter-output>
        </test-method> <!-- invokeBrowser -->
        <test-method status="PASS" signature="validateHomePage()[pri:0, instance:com.atmecs.testscript.TestScript@1c3a4799]" name="validateHomePage" duration-ms="51503" started-at="2020-03-30T19:55:44 IST" finished-at="2020-03-30T19:56:35 IST">
          <reporter-output>
          </reporter-output>
        </test-method> <!-- validateHomePage -->
      </class> <!-- com.atmecs.testscript.TestScript -->
    </test> <!-- Test -->
  </suite> <!-- Suite -->
</testng-results>
